Watching for file changes with StatReloader
Cannot execute silk_profile as silk is not installed correctly.
/Users/kirill/Code/Storefront/storefront/settings.py changed, reloading.
Watching for file changes with StatReloader
Cannot execute silk_profile as silk is not installed correctly.
/Users/kirill/Code/Storefront/storefront/settings.py changed, reloading.
Watching for file changes with StatReloader
Cannot execute silk_profile as silk is not installed correctly.
Watching for file changes with StatReloader
Cannot execute silk_profile as silk is not installed correctly.
/Users/kirill/Code/Storefront/storefront/settings.py changed, reloading.
Watching for file changes with StatReloader
Cannot execute silk_profile as silk is not installed correctly.
/Users/kirill/Code/Storefront/storefront/settings.py changed, reloading.
Watching for file changes with StatReloader
Cannot execute silk_profile as silk is not installed correctly.
/Users/kirill/Code/Storefront/storefront/settings.py changed, reloading.
Watching for file changes with StatReloader
Cannot execute silk_profile as silk is not installed correctly.
Watching for file changes with StatReloader
Cannot execute silk_profile as silk is not installed correctly.
Calling httpbin
Received the response
/Users/kirill/Code/Storefront/storefront/settings.py changed, reloading.
Watching for file changes with StatReloader
Cannot execute silk_profile as silk is not installed correctly.
/Users/kirill/Code/Storefront/storefront/settings.py changed, reloading.
2025-03-25 16:19:00,809 (INFO) - django.utils.autoreload - Watching for file changes with StatReloader
2025-03-25 16:19:00,877 (WARNING) - silk.profiling.profiler - Cannot execute silk_profile as silk is not installed correctly.
2025-03-25 16:19:02,856 (INFO) - playground.views - Calling httpbin
2025-03-25 16:19:07,156 (INFO) - playground.views - Received the response
